RunningAppv3/app/build/outputs/mapping/release/seeds.txt
com.example.runningappv3.MyRoomDatabase_Impl
com.example.runningappv3.Run: android.os.Parcelable$Creator CREATOR
com.example.runningappv3.RunViewModel
com.example.runningappv3.MyRoomDatabase
com.example.runningappv3.PastRuns
com.example.runningappv3.MapsActivityCurrentPlace
com.example.runningappv3.MainActivity: MainActivity()
com.example.runningappv3.MapsActivityCurrentPlace: void startChronometer(android.view.View)
com.example.runningappv3.MapsActivityCurrentPlace: void pauseChronometer(android.view.View)
com.example.runningappv3.RunViewModel: RunViewModel(android.app.Application)
com.example.runningappv3.MainActivity
com.example.runningappv3.MyRoomDatabase: MyRoomDatabase()
com.example.runningappv3.MapsActivityCurrentPlace: MapsActivityCurrentPlace()
com.example.runningappv3.MyRoomDatabase_Impl: MyRoomDatabase_Impl()
com.example.runningappv3.PastRuns: PastRuns()
com.example.runningappv3.MapsActivityCurrentPlace: void resetChronometer(android.view.View)
com.example.runningappv3.MapsActivityCurrentPlace: void onStopButtonClick(android.view.View)
...
androidx.constraintlayout.widget.Barrier: void setAllowsGoneWidget(boolean)
androidx.appcompat.widget.AppCompatAutoCompleteTextView: void setCustomSelectionActionModeCallback(android.view.ActionMode$Callback)
androidx.appcompat.widget.AppCompatTextView: void setFirstBaselineToTopHeight(int)
androidx.appcompat.widget.SearchView: void setSubmitButtonEnabled(boolean)
androidx.appcompat.widget.ActionBarContextView: void setTitleOptional(boolean)
com.google.android.material.button.MaterialButton: void setCornerRadius(int)
androidx.lifecycle.ReportFragment$LifecycleCallbacks
androidx.appcompat.widget.ActionBarOverlayLayout: void setUiOptions(int)
com.google.android.material.internal.ForegroundLinearLayout: android.graphics.drawable.Drawable getForeground()
androidx.appcompat.app.AppCompatActivity
androidx.appcompat.widget.AppCompatImageView: void setSupportBackgroundTintList(android.content.res.ColorStateList)
androidx.core.app.RemoteActionCompatParcelizer: RemoteActionCompatParcelizer()
androidx.lifecycle.ProcessLifecycleOwner$3$1: androidx.lifecycle.ProcessLifecycleOwner$3 this$1
androidx.cardview.widget.CardView: void setPreventCornerOverlap(boolean)
androidx.constraintlayout.widget.ConstraintHelper: int[] getReferencedIds()
com.google.android.material.snackbar.BaseTransientBottomBar$SnackbarBaseLayout
androidx.appcompat.widget.AppCompatSpinner
androidx.appcompat.widget.AppCompatCheckBox
com.google.android.gms.location.LocationResult: android.os.Parcelable$Creator CREATOR
androidx.versionedparcelable.ParcelImpl: android.os.Parcelable$Creator CREATOR
com.google.android.material.floatingactionbutton.FloatingActionButton: void setBackgroundResource(int)
androidx.appcompat.widget.ActionBarContextView: int getAnimatedVisibility()
androidx.appcompat.view.menu.ListMenuItemView
androidx.vectordrawable.graphics.drawable.VectorDrawableCompat$VectorDrawableDelegateState: int getChangingConfigurations()
androidx.appcompat.widget.ActionMenuView: ActionMenuView(android.content.Context,android.util.AttributeSet)
com.google.android.material.button.MaterialButton: void setIconResource(int)
com.google.android.material.bottomappbar.BottomAppBar$Behavior: BottomAppBar$Behavior(android.content.Context,android.util.AttributeSet)
androidx.lifecycle.ReportFragment$LifecycleCallbacks: void onActivityPostCreated(android.app.Activity,android.os.Bundle)
androidx.fragment.app.Fragment$2
androidx.vectordrawable.graphics.drawable.VectorDrawableCompat$VGroup: void setPivotY(float)
androidx.appcompat.widget.Toolbar: void setLogoDescription(java.lang.CharSequence)
androidx.lifecycle.ProcessLifecycleOwnerInitializer: ProcessLifecycleOwnerInitializer()
androidx.constraintlayout.widget.ConstraintLayout: int getMaxWidth()
androidx.appcompat.widget.AppCompatRadioButton: android.content.res.ColorStateList getSupportBackgroundTintList()
com.google.android.material.internal.NavigationMenuItemView: void setActionView(android.view.View)
androidx.constraintlayout.solver.widgets.analyzer.DependencyNode$Type: androidx.constraintlayout.solver.widgets.analyzer.DependencyNode$Type[] values()
androidx.appcompat.widget.ActivityChooserView$InnerLayout: ActivityChooserView$InnerLayout(android.content.Context,android.util.AttributeSet)
androidx.appcompat.widget.ActionBarContextView
androidx.recyclerview.widget.RecyclerView: int getMinFlingVelocity()
androidx.cardview.widget.CardView: void setCardBackgroundColor(int)
androidx.core.widget.NestedScrollView: float getVerticalScrollFactorCompat()
androidx.versionedparcelable.CustomVersionedParcelable: CustomVersionedParcelable()
androidx.appcompat.widget.LinearLayoutCompat: int getOrientation()
com.google.android.material.transformation.ExpandableBehavior: ExpandableBehavior(android.content.Context,android.util.AttributeSet)
androidx.appcompat.widget.Toolbar: int getCurrentContentInsetRight()
com.google.android.material.transformation.FabTransformationScrimBehavior