RunningAppv3/app/build/outputs/mapping/release/mapping.txt
# compiler: R8
# compiler_version: 2.1.75
# min_api: 16
# pg_map_id: c0316e7
# common_typos_disable
com.example.runningappv3.-$$Lambda$E5Gi6sr-8NJ2KJB73CajO9Yc8N0 -> c.b.a.a:
    com.example.runningappv3.MainActivity f$0 -> b
    1:1:void com.example.runningappv3.MainActivity.onButtonClicked(java.lang.String):0:0 -> h
    1:1:void onButtonClicked(java.lang.String):0 -> h
com.example.runningappv3.ExampleBottomSheetDialog -> c.b.a.b:
    com.example.runningappv3.ExampleBottomSheetDialog$BottomSheetListener mListener -> h0
    com.example.runningappv3.ExampleBottomSheetDialog dialog -> g0
    void onAttach(android.content.Context) -> G
    1:1:android.app.Dialog androidx.fragment.app.DialogFragment.getDialog():0:0 -> M
    1:1:android.view.View onCreateView(android.view.LayoutInflater,android.view.ViewGroup,android.os.Bundle):0 -> M
    2:2:android.view.View onCreateView(android.view.LayoutInflater,android.view.ViewGroup,android.os.Bundle):0:0 -> M
com.example.runningappv3.ExampleBottomSheetDialog$1 -> c.b.a.b$a:
    android.content.SharedPreferences val$pref -> b
    android.view.View val$v -> a
    com.example.runningappv3.ExampleBottomSheetDialog this$0 -> c
    1:1:com.example.runningappv3.ExampleBottomSheetDialog com.example.runningappv3.ExampleBottomSheetDialog.access$000(com.example.runningappv3.ExampleBottomSheetDialog):0:0 -> onCheckedChanged
    1:1:void onCheckedChanged(android.widget.RadioGroup,int):0 -> onCheckedChanged
    2:2:void androidx.fragment.app.DialogFragment.dismiss():0:0 -> onCheckedChanged
    2:2:void onCheckedChanged(android.widget.RadioGroup,int):0 -> onCheckedChanged
com.example.runningappv3.ExampleBottomSheetDialog$BottomSheetListener -> c.b.a.b$b:
    void onButtonClicked(java.lang.String) -> h
com.example.runningappv3.MainActivity -> com.example.runningappv3.MainActivity:
    com.example.runningappv3.RunViewModel mRunViewModel -> r
    android.widget.EditText mEditTextView -> q
    void onButtonClicked(java.lang.String) -> h
    1:1:void com.example.runningappv3.RunViewModel.insert(com.example.runningappv3.Run):0:0 -> onActivityResult
    1:1:void onActivityResult(int,int,android.content.Intent):0 -> onActivityResult
    2:2:void com.example.runningappv3.MyRepository.insert(com.example.runningappv3.Run):0:0 -> onActivityResult
    2:2:void com.example.runningappv3.RunViewModel.insert(com.example.runningappv3.Run):0 -> onActivityResult
    2:2:void onActivityResult(int,int,android.content.Intent):0 -> onActivityResult
    3:3:void onActivityResult(int,int,android.content.Intent):0:0 -> onActivityResult
com.example.runningappv3.MainActivity$1 -> com.example.runningappv3.MainActivity$a:
    com.example.runningappv3.MainActivity this$0 -> b
    1:1:void androidx.fragment.app.DialogFragment.show(androidx.fragment.app.FragmentManager,java.lang.String):0:0 -> onClick
    1:1:void onClick(android.view.View):0 -> onClick
    2:2:androidx.fragment.app.FragmentTransaction androidx.fragment.app.FragmentManager.beginTransaction():0:0 -> onClick
    2:2:void androidx.fragment.app.DialogFragment.show(androidx.fragment.app.FragmentManager,java.lang.String):0 -> onClick
    2:2:void onClick(android.view.View):0 -> onClick
    3:3:androidx.fragment.app.FragmentTransaction androidx.fragment.app.FragmentTransaction.add(androidx.fragment.app.Fragment,java.lang.String):0:0 -> onClick
    3:3:void androidx.fragment.app.DialogFragment.show(androidx.fragment.app.FragmentManager,java.lang.String):0 -> onClick
    3:3:void onClick(android.view.View):0 -> onClick
    4:4:int androidx.fragment.app.BackStackRecord.commit():0:0 -> onClick
    4:4:void androidx.fragment.app.DialogFragment.show(androidx.fragment.app.FragmentManager,java.lang.String):0 -> onClick
    4:4:void onClick(android.view.View):0 -> onClick
com.example.runningappv3.MainActivity$2 -> com.example.runningappv3.MainActivity$b:
    com.example.runningappv3.MainActivity this$0 -> b
com.example.runningappv3.MainActivity$3 -> com.example.runningappv3.MainActivity$c:
    com.example.runningappv3.MainActivity this$0 -> b
...
androidx.coordinatorlayout.R$styleable -> b.g.a:
    int[] CoordinatorLayout_Layout -> b
    int[] CoordinatorLayout -> a
androidx.coordinatorlayout.widget.CoordinatorLayout -> androidx.coordinatorlayout.widget.CoordinatorLayout:
    boolean mNeedsPreDrawListener -> n
    androidx.core.view.WindowInsetsCompat mLastInsets -> o
    java.lang.Class[] CONSTRUCTOR_PARAMS -> v
    boolean mDrawStatusBarBackground -> p
    androidx.core.view.OnApplyWindowInsetsListener mApplyWindowInsetsListener -> s
    boolean mIsAttachedToWindow -> i
    java.lang.String WIDGET_PACKAGE_NAME -> u
    java.util.List mDependencySortedChildren -> b
    int[] mTempIntPair -> f
    androidx.core.util.Pools$Pool sRectPool -> y
    android.view.View mBehaviorTouchView -> k
    android.graphics.Paint mScrimPaint -> g
    java.util.Comparator TOP_SORTED_CHILDREN_COMPARATOR -> x
    android.view.ViewGroup$OnHierarchyChangeListener mOnHierarchyChangeListener -> r
    androidx.core.view.NestedScrollingParentHelper mNestedScrollingParentHelper -> t
    java.util.List mTempDependenciesList -> e
    android.view.View mNestedScrollingTarget -> l
    java.util.List mTempList1 -> d
    java.lang.ThreadLocal sConstructors -> w
    boolean mDisallowInterceptReset -> h
    int[] mKeylines -> j
    androidx.coordinatorlayout.widget.DirectedAcyclicGraph mChildDag -> c
    android.graphics.drawable.Drawable mStatusBarBackground -> q
    androidx.coordinatorlayout.widget.CoordinatorLayout$OnPreDrawListener mOnPreDrawListener -> m
    1:1:void <init>(android.content.Context,android.util.AttributeSet,int):0:0 -> <init>
androidx.coordinatorlayout.widget.CoordinatorLayout$1 -> androidx.coordinatorlayout.widget.CoordinatorLayout$a:
    androidx.coordinatorlayout.widget.CoordinatorLayout this$0 -> a
    1:1:androidx.core.view.WindowInsetsCompat androidx.coordinatorlayout.widget.CoordinatorLayout.setWindowInsets(androidx.core.view.WindowInsetsCompat):0:0 -> a
    1:1:androidx.core.view.WindowInsetsCompat onApplyWindowInsets(android.view.View,androidx.core.view.WindowInsetsCompat):0 -> a
    2:2:boolean androidx.core.view.WindowInsetsCompat.isConsumed():0:0 -> a
    2:2:androidx.core.view.WindowInsetsCompat androidx.coordinatorlayout.widget.CoordinatorLayout.dispatchApplyWindowInsetsToBehaviors(androidx.core.view.WindowInsetsCompat):0 -> a
    2:2:androidx.core.view.WindowInsetsCompat androidx.coordinatorlayout.widget.CoordinatorLayout.setWindowInsets(androidx.core.view.WindowInsetsCompat):0 -> a
    2:2:androidx.core.view.WindowInsetsCompat onApplyWindowInsets(android.view.View,androidx.core.view.WindowInsetsCompat):0 -> a
    3:3:androidx.core.view.WindowInsetsCompat androidx.coordinatorlayout.widget.CoordinatorLayout.dispatchApplyWindowInsetsToBehaviors(androidx.core.view.WindowInsetsCompat):0:0 -> a
    3:3:androidx.core.view.WindowInsetsCompat androidx.coordinatorlayout.widget.CoordinatorLayout.setWindowInsets(androidx.core.view.WindowInsetsCompat):0 -> a
    3:3:androidx.core.view.WindowInsetsCompat onApplyWindowInsets(android.view.View,androidx.core.view.WindowInsetsCompat):0 -> a
androidx.coordinatorlayout.widget.CoordinatorLayout$AttachedBehavior -> androidx.coordinatorlayout.widget.CoordinatorLayout$b: