RunningAppv3/app/build/outputs/mapping/release/usage.txt
com.example.runningappv3.RunDao_Impl$7
com.example.runningappv3.BuildConfig
com.example.runningappv3.RunDao:
    public abstract void deleteRun(com.example.runningappv3.Run)
    public abstract void deleteAll()
    public abstract androidx.lifecycle.LiveData getRunByDistance()
    public abstract androidx.lifecycle.LiveData getRunByTime()
    public abstract androidx.lifecycle.LiveData getRunBySpeed()
com.example.runningappv3.R$layout
com.example.runningappv3.R$color
com.example.runningappv3.R$interpolator
com.example.runningappv3.R$mipmap
com.example.runningappv3.R$attr
com.example.runningappv3.MainActivity:
    public static final int NEW_WORD_ACTIVITY_REQUEST_CODE
com.example.runningappv3.MapsActivityCurrentPlace:
    private com.example.runningappv3.RunViewModel viewModel
    private static final int DEFAULT_ZOOM
    private static final int PERMISSIONS_REQUEST_ACCESS_FINE_LOCATION
    private static final java.lang.String KEY_CAMERA_POSITION
    private static final java.lang.String KEY_LOCATION
    public static final java.lang.String EXTRA_REPLY
com.example.runningappv3.R$styleable
com.example.runningappv3.R$anim
com.example.runningappv3.RunDao_Impl$2:
    public void bind(androidx.sqlite.db.SupportSQLiteStatement,com.example.runningappv3.Run)
    public synthetic bridge void bind(androidx.sqlite.db.SupportSQLiteStatement,java.lang.Object)
com.example.runningappv3.R$bool
com.example.runningappv3.R$string
com.example.runningappv3.RunDao_Impl:
    public void deleteRun(com.example.runningappv3.Run)
    public void deleteAll()
    public androidx.lifecycle.LiveData getRunByDistance()
    public androidx.lifecycle.LiveData getRunByTime()
    public androidx.lifecycle.LiveData getRunBySpeed()
com.example.runningappv3.R
com.example.runningappv3.R$animator
com.example.runningappv3.R$dimen
com.example.runningappv3.MyRoomDatabase_Impl:
    public void clearAllTables()
com.example.runningappv3.R$style
com.example.runningappv3.RunDao_Impl$5
com.example.runningappv3.R$drawable
com.example.runningappv3.R$integer
com.example.runningappv3.R$id
com.example.runningappv3.RunDao_Impl$6
com.example.runningappv3.MyRoomDatabase$PopulateDbAsync
com.example.runningappv3.MyRepository$insertAsyncTask:
    public varargs java.lang.Void doInBackground(com.example.runningappv3.Run[])
com.example.runningappv3.MyRoomDatabase_Impl$1:
    public void dropAllTables(androidx.sqlite.db.SupportSQLiteDatabase)
    public void onCreate(androidx.sqlite.db.SupportSQLiteDatabase)
    public void onOpen(androidx.sqlite.db.SupportSQLiteDatabase)
    public void onPreMigrate(androidx.sqlite.db.SupportSQLiteDatabase)
    public void onPostMigrate(androidx.sqlite.db.SupportSQLiteDatabase)
com.example.runningappv3.RunDao:
    public abstract void insert(com.example.runningappv3.Run)
    public abstract androidx.lifecycle.LiveData getRunById()
com.example.runningappv3.PastRunsAdapter$PastRunsHolder:
    public void <init>(com.example.runningappv3.PastRunsAdapter,android.view.View)
    public static synthetic android.widget.TextView access$100(com.example.runningappv3.PastRunsAdapter$PastRunsHolder)
    public static synthetic android.widget.TextView access$200(com.example.runningappv3.PastRunsAdapter$PastRunsHolder)
    public static synthetic android.widget.TextView access$300(com.example.runningappv3.PastRunsAdapter$PastRunsHolder)
    public static synthetic android.widget.TextView access$400(com.example.runningappv3.PastRunsAdapter$PastRunsHolder)
    public final synthetic com.example.runningappv3.PastRunsAdapter this$0
com.example.runningappv3.Run$1:
    public com.example.runningappv3.Run createFromParcel(android.os.Parcel)
    public com.example.runningappv3.Run[] newArray(int)
com.example.runningappv3.MyRepository:
    public androidx.lifecycle.LiveData getAllRuns()
    public void insert(com.example.runningappv3.Run)
...
androidx.core.hardware.fingerprint.FingerprintManagerCompat$1
com.google.android.material.behavior.SwipeDismissBehavior:
    public void setListener(com.google.android.material.behavior.SwipeDismissBehavior$OnDismissListener)
    public void setDragDismissDistance(float)
    public void setSensitivity(float)
    public int getDragState()
    public static final int STATE_IDLE
    public static final int STATE_DRAGGING
    public static final int STATE_SETTLING
    public static final int SWIPE_DIRECTION_START_TO_END
    public static final int SWIPE_DIRECTION_END_TO_START
    public static final int SWIPE_DIRECTION_ANY
    private static final float DEFAULT_DRAG_DISMISS_THRESHOLD
    private static final float DEFAULT_ALPHA_START_DISTANCE
    private static final float DEFAULT_ALPHA_END_DISTANCE
androidx.core.graphics.PathUtils
com.google.android.gms.common.internal.StringResourceValueReader
androidx.appcompat.view.menu.MenuBuilder:
    private void dispatchSaveInstanceState(android.os.Bundle)
    private void dispatchRestoreInstanceState(android.os.Bundle)
    public void savePresenterStates(android.os.Bundle)
    public void restorePresenterStates(android.os.Bundle)
    public void removeItemAt(int)
    public void clearAll()
    public void setShortcutsVisible(boolean)
    public void setCurrentMenuInfo(android.view.ContextMenu$ContextMenuInfo)
    public void setOptionalIconsVisible(boolean)
    private static final java.lang.String TAG
    private static final java.lang.String PRESENTER_KEY
    private static final java.lang.String ACTION_VIEW_STATES_KEY
    private static final java.lang.String EXPANDED_ACTION_VIEW_ID
androidx.transition.R$attr
androidx.recyclerview.widget.RecyclerView$AdapterDataObservable:
    public boolean hasObservers()
    public void notifyItemRangeChanged(int,int)
    public void notifyItemRangeChanged(int,int,java.lang.Object)
    public void notifyItemRangeInserted(int,int)
    public void notifyItemRangeRemoved(int,int)
    public void notifyItemMoved(int,int)
androidx.recyclerview.widget.RecyclerView$ViewCacheExtension:
    public void <init>()
androidx.core.view.accessibility.AccessibilityNodeInfoCompat$CollectionInfoCompat:
    public static androidx.core.view.accessibility.AccessibilityNodeInfoCompat$CollectionInfoCompat obtain(int,int,boolean)
    public int getColumnCount()
    public int getRowCount()
    public boolean isHierarchical()
    public int getSelectionMode()
    public static final int SELECTION_MODE_NONE
    public static final int SELECTION_MODE_SINGLE
    public static final int SELECTION_MODE_MULTIPLE
org.jetbrains.annotations.Nls
androidx.appcompat.widget.ThemeUtils:
    public static android.content.res.ColorStateList createDisabledStateList(int,int)
    private void <init>()
    private static final java.lang.String TAG
com.google.android.gms.internal.maps.zzx
androidx.appcompat.resources.R
androidx.constraintlayout.motion.widget.KeyTrigger
com.google.android.gms.internal.base.zaf
com.google.android.gms.maps.internal.zzh
androidx.room.IMultiInstanceInvalidationService$Stub:
    private static final java.lang.String DESCRIPTOR
    static final int TRANSACTION_registerCallback
    static final int TRANSACTION_unregisterCallback
    static final int TRANSACTION_broadcastInvalidation
androidx.appcompat.app.ActionBarDrawerToggle$Delegate
androidx.appcompat.widget.ButtonBarLayout:
    private static final int PEEK_BUTTON_DP
androidx.appcompat.widget.RtlSpacingHelper:
    public static final int UNDEFINED
com.google.android.material.behavior.SwipeDismissBehavior$1:
    private static final int INVALID_POINTER_ID
androidx.recyclerview.widget.LinearLayoutManager$LayoutState:
    void log()
    static final java.lang.String TAG
    static final int LAYOUT_START
    static final int LAYOUT_END
    static final int INVALID_LAYOUT
    static final int ITEM_DIRECTION_HEAD
    static final int ITEM_DIRECTION_TAIL
    static final int SCROLLING_OFFSET_NaN